2026-05-13 11:01:29,378 | INFO | Starting baseline pipeline.
2026-05-13 11:01:29,378 | INFO | Dataset root: DataBaseProject
2026-05-13 11:01:29,378 | INFO | Metadata CSV: DataBaseProject\clone_pairs_dataset_metadata.csv
2026-05-13 11:01:29,379 | INFO | Model configuration: decision_tree only
2026-05-13 11:01:29,379 | INFO | Train balance strategy: undersample
2026-05-13 11:01:29,398 | INFO | Loaded metadata rows: 12484
2026-05-13 11:01:29,405 | INFO | Metadata cleaning: valid_rows=12484 | invalid_rows=0
2026-05-13 11:01:31,904 | INFO | Reconstruction summary: {'metadata_rows': 12484, 'reconstructed_rows': 12484, 'dropped_rows': 0, 'drop_reasons': {}}
2026-05-13 11:01:32,068 | INFO | Saved reconstructed dataset: DataBaseProject\baseline_outputs_under\datasets\reconstructed_pairs.csv
2026-05-13 11:01:32,068 | INFO | Saved dropped rows dataset: DataBaseProject\baseline_outputs_under\datasets\dropped_rows.csv
2026-05-13 11:01:37,779 | INFO | Preprocessing completed on 12484 rows.
2026-05-13 11:01:39,931 | INFO | Task A split statistics (`is_clone`):
2026-05-13 11:01:39,932 | INFO |   test | rows=1859 | unique_problem_id=823 | class_dist={'1': 1230, '0': 629}
2026-05-13 11:01:39,932 | INFO |   train | rows=8754 | unique_problem_id=3838 | class_dist={'1': 5787, '0': 2967}
2026-05-13 11:01:39,932 | INFO |   val | rows=1871 | unique_problem_id=823 | class_dist={'1': 1236, '0': 635}
2026-05-13 11:01:39,999 | INFO | Task A balancing: {'strategy': 'undersample', 'target_col': 'is_clone', 'rows_before': 8754, 'class_distribution_before': {'1': 5787, '0': 2967}, 'rows_after': 5934, 'class_distribution_after': {'1': 2967, '0': 2967}}
2026-05-13 11:01:40,000 | INFO | Task A class imbalance ratio (train): 1.0000 | class_weight=None
2026-05-13 11:01:45,347 | INFO | Task B split statistics (`clone_type` in positives):
2026-05-13 11:01:45,347 | INFO |   test | rows=1240 | unique_problem_id=823 | class_dist={'type_IV': 865, 'type_III': 375}
2026-05-13 11:01:45,347 | INFO |   train | rows=5788 | unique_problem_id=3838 | class_dist={'type_IV': 4037, 'type_III': 1751}
2026-05-13 11:01:45,347 | INFO |   val | rows=1225 | unique_problem_id=822 | class_dist={'type_IV': 854, 'type_III': 371}
2026-05-13 11:01:45,404 | INFO | Task B balancing: {'strategy': 'undersample', 'target_col': 'clone_type', 'rows_before': 5788, 'class_distribution_before': {'type_IV': 4037, 'type_III': 1751}, 'rows_after': 3502, 'class_distribution_after': {'type_III': 1751, 'type_IV': 1751}}
2026-05-13 11:01:45,405 | INFO | Task B class imbalance ratio (train): 1.0000 | class_weight=None
2026-05-13 11:01:47,309 | INFO | Baseline report saved to DataBaseProject\baseline_outputs_under\reports\baseline_report.md
2026-05-13 11:01:47,309 | INFO | Pipeline completed successfully.
