2026-05-13 09:38:24,303 | INFO | Starting baseline pipeline.
2026-05-13 09:38:24,304 | INFO | Dataset root: DataBaseProject
2026-05-13 09:38:24,305 | INFO | Metadata CSV: DataBaseProject\clone_pairs_dataset_metadata.csv
2026-05-13 09:38:24,305 | INFO | Model configuration: decision_tree only
2026-05-13 09:38:24,305 | INFO | Train balance strategy: undersample
2026-05-13 09:38:24,368 | INFO | Loaded metadata rows: 12484
2026-05-13 09:38:24,406 | INFO | Metadata cleaning: valid_rows=12484 | invalid_rows=0
2026-05-13 09:38:32,105 | INFO | Reconstruction summary: {'metadata_rows': 12484, 'reconstructed_rows': 12484, 'dropped_rows': 0, 'drop_reasons': {}}
2026-05-13 09:38:32,657 | INFO | Saved reconstructed dataset: DataBaseProject\baseline_outputs\datasets\reconstructed_pairs.csv
2026-05-13 09:38:32,685 | INFO | Saved dropped rows dataset: DataBaseProject\baseline_outputs\datasets\dropped_rows.csv
2026-05-13 09:38:40,385 | INFO | Preprocessing completed on 12484 rows.
2026-05-13 09:38:43,187 | INFO | Task A split statistics (`is_clone`):
2026-05-13 09:38:43,187 | INFO |   test | rows=1859 | unique_problem_id=823 | class_dist={'1': 1230, '0': 629}
2026-05-13 09:38:43,187 | INFO |   train | rows=8754 | unique_problem_id=3838 | class_dist={'1': 5787, '0': 2967}
2026-05-13 09:38:43,187 | INFO |   val | rows=1871 | unique_problem_id=823 | class_dist={'1': 1236, '0': 635}
2026-05-13 09:38:43,219 | INFO | Task A balancing: {'strategy': 'undersample', 'target_col': 'is_clone', 'rows_before': 8754, 'class_distribution_before': {'1': 5787, '0': 2967}, 'rows_after': 5934, 'class_distribution_after': {'1': 2967, '0': 2967}}
2026-05-13 09:38:43,220 | INFO | Task A class imbalance ratio (train): 1.0000 | class_weight=None
2026-05-13 09:38:55,675 | INFO | Task B split statistics (`clone_type` in positives):
2026-05-13 09:38:55,675 | INFO |   test | rows=1240 | unique_problem_id=823 | class_dist={'type_IV': 865, 'type_III': 375}
2026-05-13 09:38:55,676 | INFO |   train | rows=5788 | unique_problem_id=3838 | class_dist={'type_IV': 4037, 'type_III': 1751}
2026-05-13 09:38:55,676 | INFO |   val | rows=1225 | unique_problem_id=822 | class_dist={'type_IV': 854, 'type_III': 371}
2026-05-13 09:38:55,728 | INFO | Task B balancing: {'strategy': 'undersample', 'target_col': 'clone_type', 'rows_before': 5788, 'class_distribution_before': {'type_IV': 4037, 'type_III': 1751}, 'rows_after': 3502, 'class_distribution_after': {'type_III': 1751, 'type_IV': 1751}}
2026-05-13 09:38:55,730 | INFO | Task B class imbalance ratio (train): 1.0000 | class_weight=None
2026-05-13 09:39:03,461 | INFO | Baseline report saved to DataBaseProject\baseline_outputs\reports\baseline_report.md
2026-05-13 09:39:03,462 | INFO | Pipeline completed successfully.
